2018-02-09 18:16:06,307 [Worker-0] INFO  c.g.t.t.d.PublishedGradleVersions - Gradle version information cache is up-to-date. Trying to read.
2018-02-09 18:17:47,278 [Worker-8] INFO  o.e.m.c.i.l.LifecycleMappingFactory - Using org.eclipse.m2e.jdt.JarLifecycleMapping lifecycle mapping for MavenProject: org.capgemini.product:ProductApp:0.0.1-SNAPSHOT @ C:\Users\ar602188\Downloads\MCI-JAVA-master\MCI-JAVA-master\ProductApp\ProductApp\pom.xml.
2018-02-09 18:17:50,966 [Worker-8] WARN  o.e.m.c.i.embedder.EclipseLogger - Using platform encoding (Cp1252 actually) to copy filtered resources, i.e. build is platform dependent!
2018-02-09 18:17:50,986 [Worker-8] INFO  o.e.m.c.i.embedder.EclipseLogger - Copying 0 resource
2018-02-09 18:17:50,986 [Worker-8] WARN  o.e.m.c.i.embedder.EclipseLogger - Using platform encoding (Cp1252 actually) to copy filtered resources, i.e. build is platform dependent!
2018-02-09 18:17:50,996 [Worker-8] INFO  o.e.m.c.i.embedder.EclipseLogger - Copying 0 resource
2018-02-09 18:22:43,366 [Worker-4] INFO  o.e.m.c.i.l.LifecycleMappingFactory - Using org.eclipse.m2e.jdt.JarLifecycleMapping lifecycle mapping for MavenProject: org.capgemini.product:ProductApp:0.0.1-SNAPSHOT @ C:\Users\ar602188\Downloads\MCI-JAVA-master\MCI-JAVA-master\ProductApp\ProductApp\pom.xml.
2018-02-09 18:22:44,718 [Worker-4] INFO  o.e.m.c.i.e.AbstractTransferListenerAdapter - Downloading https://repo.maven.apache.org/maven2/junit/junit/4.12/junit-4.12.pom
2018-02-09 18:22:45,015 [Worker-4] INFO  o.e.m.c.i.e.AbstractTransferListenerAdapter - Downloaded https://repo.maven.apache.org/maven2/junit/junit/4.12/junit-4.12.pom
2018-02-09 18:22:45,218 [Worker-4] INFO  o.e.m.c.i.e.AbstractTransferListenerAdapter - Downloading https://repo.maven.apache.org/maven2/org/hamcrest/hamcrest-core/1.3/hamcrest-core-1.3.pom
2018-02-09 18:22:45,408 [Worker-4] INFO  o.e.m.c.i.e.AbstractTransferListenerAdapter - Downloaded https://repo.maven.apache.org/maven2/org/hamcrest/hamcrest-core/1.3/hamcrest-core-1.3.pom
2018-02-09 18:22:45,570 [Worker-4] INFO  o.e.m.c.i.e.AbstractTransferListenerAdapter - Downloading https://repo.maven.apache.org/maven2/org/hamcrest/hamcrest-parent/1.3/hamcrest-parent-1.3.pom
2018-02-09 18:22:46,735 [Worker-4] INFO  o.e.m.c.i.e.AbstractTransferListenerAdapter - Downloaded https://repo.maven.apache.org/maven2/org/hamcrest/hamcrest-parent/1.3/hamcrest-parent-1.3.pom
2018-02-09 18:22:46,896 [Worker-4] INFO  o.e.m.c.i.e.AbstractTransferListenerAdapter - Downloading https://repo.maven.apache.org/maven2/org/mockito/mockito-all/1.10.19/mockito-all-1.10.19.pom
2018-02-09 18:22:47,043 [Worker-4] INFO  o.e.m.c.i.e.AbstractTransferListenerAdapter - Downloaded https://repo.maven.apache.org/maven2/org/mockito/mockito-all/1.10.19/mockito-all-1.10.19.pom
2018-02-09 18:22:47,203 [Worker-4] INFO  o.e.m.c.i.e.AbstractTransferListenerAdapter - Downloading https://repo.maven.apache.org/maven2/junit/junit/4.12/junit-4.12.jar
2018-02-09 18:22:47,896 [Worker-4] INFO  o.e.m.c.i.e.AbstractTransferListenerAdapter - Downloaded https://repo.maven.apache.org/maven2/junit/junit/4.12/junit-4.12.jar
2018-02-09 18:22:48,031 [Worker-4] INFO  o.e.m.c.i.e.AbstractTransferListenerAdapter - Downloading https://repo.maven.apache.org/maven2/org/hamcrest/hamcrest-core/1.3/hamcrest-core-1.3.jar
2018-02-09 18:22:48,218 [Worker-4] INFO  o.e.m.c.i.e.AbstractTransferListenerAdapter - Downloaded https://repo.maven.apache.org/maven2/org/hamcrest/hamcrest-core/1.3/hamcrest-core-1.3.jar
2018-02-09 18:22:48,370 [Worker-4] INFO  o.e.m.c.i.e.AbstractTransferListenerAdapter - Downloading https://repo.maven.apache.org/maven2/org/mockito/mockito-all/1.10.19/mockito-all-1.10.19.jar
2018-02-09 18:22:49,245 [Worker-4] INFO  o.e.m.c.i.e.AbstractTransferListenerAdapter - Downloaded https://repo.maven.apache.org/maven2/org/mockito/mockito-all/1.10.19/mockito-all-1.10.19.jar
2018-02-09 18:22:52,152 [Worker-4] WARN  o.e.m.c.i.embedder.EclipseLogger - Using platform encoding (Cp1252 actually) to copy filtered resources, i.e. build is platform dependent!
2018-02-09 18:22:52,162 [Worker-4] INFO  o.e.m.c.i.embedder.EclipseLogger - Copying 0 resource
2018-02-09 18:22:52,175 [Worker-4] WARN  o.e.m.c.i.embedder.EclipseLogger - Using platform encoding (Cp1252 actually) to copy filtered resources, i.e. build is platform dependent!
2018-02-09 18:22:52,180 [Worker-4] INFO  o.e.m.c.i.embedder.EclipseLogger - Copying 0 resource
2018-02-09 18:22:54,172 [Worker-11] WARN  o.e.m.c.i.embedder.EclipseLogger - Using platform encoding (Cp1252 actually) to copy filtered resources, i.e. build is platform dependent!
2018-02-09 18:22:54,442 [Worker-11] INFO  o.e.m.c.i.embedder.EclipseLogger - Copying 0 resource
2018-02-09 18:22:54,447 [Worker-11] WARN  o.e.m.c.i.embedder.EclipseLogger - Using platform encoding (Cp1252 actually) to copy filtered resources, i.e. build is platform dependent!
2018-02-09 18:22:54,452 [Worker-11] INFO  o.e.m.c.i.embedder.EclipseLogger - Copying 0 resource
2018-02-09 18:25:19,692 [Worker-3] INFO  o.e.m.c.i.l.LifecycleMappingFactory - Using org.eclipse.m2e.jdt.JarLifecycleMapping lifecycle mapping for MavenProject: org.capgemini.product:ProductApp:0.0.1-SNAPSHOT @ C:\Users\ar602188\Downloads\MCI-JAVA-master\MCI-JAVA-master\ProductApp\ProductApp\pom.xml.
2018-02-09 18:25:20,213 [Worker-3] WARN  o.e.m.c.i.embedder.EclipseLogger - Using platform encoding (Cp1252 actually) to copy filtered resources, i.e. build is platform dependent!
2018-02-09 18:25:20,218 [Worker-3] INFO  o.e.m.c.i.embedder.EclipseLogger - Copying 0 resource
2018-02-09 18:25:20,226 [Worker-3] WARN  o.e.m.c.i.embedder.EclipseLogger - Using platform encoding (Cp1252 actually) to copy filtered resources, i.e. build is platform dependent!
2018-02-09 18:25:20,228 [Worker-3] INFO  o.e.m.c.i.embedder.EclipseLogger - Copying 0 resource
2018-02-09 18:25:43,878 [main] INFO  o.e.m2e.actions.ExecutePomAction - Creating new launch configuration
2018-02-09 18:25:54,151 [Worker-6] INFO  o.e.m.i.launch.MavenLaunchDelegate - C:\Users\ar602188\Downloads\MCI-JAVA-master\MCI-JAVA-master\ProductApp\ProductApp
2018-02-09 18:25:54,154 [Worker-6] INFO  o.e.m.i.launch.MavenLaunchDelegate -  mvn -B clean install
2018-02-09 18:27:07,323 [Worker-3] WARN  o.e.m.c.i.embedder.EclipseLogger - Using platform encoding (Cp1252 actually) to copy filtered resources, i.e. build is platform dependent!
2018-02-09 18:27:07,328 [Worker-3] INFO  o.e.m.c.i.embedder.EclipseLogger - Copying 0 resource
2018-02-09 18:27:07,338 [Worker-3] WARN  o.e.m.c.i.embedder.EclipseLogger - Using platform encoding (Cp1252 actually) to copy filtered resources, i.e. build is platform dependent!
2018-02-09 18:27:07,345 [Worker-3] INFO  o.e.m.c.i.embedder.EclipseLogger - Copying 0 resource
2018-02-09 18:27:12,463 [main] INFO  o.e.m2e.actions.ExecutePomAction - Creating new launch configuration
2018-02-09 18:27:19,728 [Worker-10] INFO  o.e.m.i.launch.MavenLaunchDelegate - C:\Users\ar602188\Downloads\MCI-JAVA-master\MCI-JAVA-master\ProductApp\ProductApp
2018-02-09 18:27:19,728 [Worker-10] INFO  o.e.m.i.launch.MavenLaunchDelegate -  mvn -B clean install
2018-02-09 18:27:48,773 [Worker-1] INFO  o.e.m.i.launch.MavenLaunchDelegate - C:\Users\ar602188\Downloads\MCI-JAVA-master\MCI-JAVA-master\ProductApp\ProductApp
2018-02-09 18:27:48,776 [Worker-1] INFO  o.e.m.i.launch.MavenLaunchDelegate -  mvn -B clean
2018-02-09 18:27:56,145 [Worker-4] WARN  o.e.m.c.i.embedder.EclipseLogger - Using platform encoding (Cp1252 actually) to copy filtered resources, i.e. build is platform dependent!
2018-02-09 18:27:56,150 [Worker-4] INFO  o.e.m.c.i.embedder.EclipseLogger - Copying 0 resource
2018-02-09 18:27:56,155 [Worker-4] WARN  o.e.m.c.i.embedder.EclipseLogger - Using platform encoding (Cp1252 actually) to copy filtered resources, i.e. build is platform dependent!
2018-02-09 18:27:56,157 [Worker-4] INFO  o.e.m.c.i.embedder.EclipseLogger - Copying 0 resource
